<?xml version="1.0" encoding="UTF-8"?>
<testng-results ignored="0" total="1" passed="1" failed="0" skipped="0">
  <reporter-output>
  </reporter-output>
  <suite started-at="2022-08-07T20:57:28 IST" name="Default suite" finished-at="2022-08-07T20:58:36 IST" duration-ms="67735">
    <groups>
    </groups>
    <test started-at="2022-08-07T20:57:28 IST" name="Default test" finished-at="2022-08-07T20:58:36 IST" duration-ms="67735">
      <class name="testPackage.Test_Application">
        <test-method is-config="true" signature="initializeDriver()[pri:0, instance:testPackage.Test_Application@1a18644]" started-at="2022-08-07T20:57:28 IST" name="initializeDriver" finished-at="2022-08-07T20:57:59 IST" duration-ms="30931" status="PASS">
          <reporter-output>
          </reporter-output>
        </test-method> <!-- initializeDriver -->
        <test-method signature="perfromAppTest()[pri:0, instance:testPackage.Test_Application@1a18644]" started-at="2022-08-07T20:57:59 IST" name="perfromAppTest" finished-at="2022-08-07T20:58:36 IST" duration-ms="36748" status="PASS">
          <reporter-output>
          </reporter-output>
        </test-method> <!-- perfromAppTest -->
      </class> <!-- testPackage.Test_Application -->
    </test> <!-- Default test -->
  </suite> <!-- Default suite -->
</testng-results>
